Grammar

    0 $accept: producao $end

    1 frase: NUM ESPACO MENOR ESPACO NUM
    2      | NUM ESPACO MAIOR ESPACO NUM
    3      | NUM ESPACO MAIORIGUAL ESPACO NUM
    4      | NUM ESPACO MENORIGUAL ESPACO NUM
    5      | NUM ESPACO IGUAL ESPACO NUM
    6      | NUM ESPACO DIFERENTE ESPACO NUM

    7 producao: %empty
    8         | producao frase


Terminals, with rules where they appear

$end (0) 0
error (256)
MENOR (258) 1
MAIOR (259) 2
MENORIGUAL (260) 4
MAIORIGUAL (261) 3
IGUAL (262) 5
DIFERENTE (263) 6
NUM (264) 1 2 3 4 5 6
ESPACO (265) 1 2 3 4 5 6


Nonterminals, with rules where they appear

$accept (11)
    on left: 0
frase (12)
    on left: 1 2 3 4 5 6, on right: 8
producao (13)
    on left: 7 8, on right: 0 8


State 0

    0 $accept: . producao $end

    $default  reduce using rule 7 (producao)

    producao  go to state 1


State 1

    0 $accept: producao . $end
    8 producao: producao . frase

    $end  shift, and go to state 2
    NUM   shift, and go to state 3

    frase  go to state 4


State 2

    0 $accept: producao $end .

    $default  accept


State 3

    1 frase: NUM . ESPACO MENOR ESPACO NUM
    2      | NUM . ESPACO MAIOR ESPACO NUM
    3      | NUM . ESPACO MAIORIGUAL ESPACO NUM
    4      | NUM . ESPACO MENORIGUAL ESPACO NUM
    5      | NUM . ESPACO IGUAL ESPACO NUM
    6      | NUM . ESPACO DIFERENTE ESPACO NUM

    ESPACO  shift, and go to state 5


State 4

    8 producao: producao frase .

    $default  reduce using rule 8 (producao)


State 5

    1 frase: NUM ESPACO . MENOR ESPACO NUM
    2      | NUM ESPACO . MAIOR ESPACO NUM
    3      | NUM ESPACO . MAIORIGUAL ESPACO NUM
    4      | NUM ESPACO . MENORIGUAL ESPACO NUM
    5      | NUM ESPACO . IGUAL ESPACO NUM
    6      | NUM ESPACO . DIFERENTE ESPACO NUM

    MENOR       shift, and go to state 6
    MAIOR       shift, and go to state 7
    MENORIGUAL  shift, and go to state 8
    MAIORIGUAL  shift, and go to state 9
    IGUAL       shift, and go to state 10
    DIFERENTE   shift, and go to state 11


State 6

    1 frase: NUM ESPACO MENOR . ESPACO NUM

    ESPACO  shift, and go to state 12


State 7

    2 frase: NUM ESPACO MAIOR . ESPACO NUM

    ESPACO  shift, and go to state 13


State 8

    4 frase: NUM ESPACO MENORIGUAL . ESPACO NUM

    ESPACO  shift, and go to state 14


State 9

    3 frase: NUM ESPACO MAIORIGUAL . ESPACO NUM

    ESPACO  shift, and go to state 15


State 10

    5 frase: NUM ESPACO IGUAL . ESPACO NUM

    ESPACO  shift, and go to state 16


State 11

    6 frase: NUM ESPACO DIFERENTE . ESPACO NUM

    ESPACO  shift, and go to state 17


State 12

    1 frase: NUM ESPACO MENOR ESPACO . NUM

    NUM  shift, and go to state 18


State 13

    2 frase: NUM ESPACO MAIOR ESPACO . NUM

    NUM  shift, and go to state 19


State 14

    4 frase: NUM ESPACO MENORIGUAL ESPACO . NUM

    NUM  shift, and go to state 20


State 15

    3 frase: NUM ESPACO MAIORIGUAL ESPACO . NUM

    NUM  shift, and go to state 21


State 16

    5 frase: NUM ESPACO IGUAL ESPACO . NUM

    NUM  shift, and go to state 22


State 17

    6 frase: NUM ESPACO DIFERENTE ESPACO . NUM

    NUM  shift, and go to state 23


State 18

    1 frase: NUM ESPACO MENOR ESPACO NUM .

    $default  reduce using rule 1 (frase)


State 19

    2 frase: NUM ESPACO MAIOR ESPACO NUM .

    $default  reduce using rule 2 (frase)


State 20

    4 frase: NUM ESPACO MENORIGUAL ESPACO NUM .

    $default  reduce using rule 4 (frase)


State 21

    3 frase: NUM ESPACO MAIORIGUAL ESPACO NUM .

    $default  reduce using rule 3 (frase)


State 22

    5 frase: NUM ESPACO IGUAL ESPACO NUM .

    $default  reduce using rule 5 (frase)


State 23

    6 frase: NUM ESPACO DIFERENTE ESPACO NUM .

    $default  reduce using rule 6 (frase)
